<?xml version="1.0" encoding="UTF-8"?>
<testng-results ignored="0" total="1" passed="1" failed="0" skipped="0">
  <reporter-output>
  </reporter-output>
  <suite started-at="2022-04-16T02:13:19 MST" name="Default suite" finished-at="2022-04-16T02:13:38 MST" duration-ms="18979">
    <groups>
    </groups>
    <test started-at="2022-04-16T02:13:19 MST" name="Default test" finished-at="2022-04-16T02:13:38 MST" duration-ms="18979">
      <class name="fileUpload.Method3">
        <test-method signature="usingAutoIT()[pri:0, instance:fileUpload.Method3@6f46426d]" started-at="2022-04-16T02:13:19 MST" name="usingAutoIT" finished-at="2022-04-16T02:13:38 MST" duration-ms="18921" status="PASS">
          <reporter-output>
          </reporter-output>
        </test-method> <!-- usingAutoIT -->
      </class> <!-- fileUpload.Method3 -->
    </test> <!-- Default test -->
  </suite> <!-- Default suite -->
</testng-results>
